Start testing: Feb 16 18:39 EST
----------------------------------------------------------
1/3 Testing: unit_tests
1/3 Test: unit_tests
Command: "/Users/adithyahnair/Downloads/OSPSD/team2/build/unit_tests"
Directory: /Users/adithyahnair/Downloads/OSPSD/team2/build
"unit_tests" start time: Feb 16 18:39 EST
Output:
----------------------------------------------------------
Running main() from /Users/adithyahnair/Downloads/OSPSD/vcpkg/buildtrees/gtest/src/v1.16.0-a2e0b328c1.clean/googletest/src/gtest_main.cc
[==========] Running 6 tests from 3 test suites.
[----------] Global test environment set-up.
[----------] 3 tests from CalculatorTests
[ RUN      ] CalculatorTests.TestAddition
[       OK ] CalculatorTests.TestAddition (0 ms)
[ RUN      ] CalculatorTests.TestSubtraction
[       OK ] CalculatorTests.TestSubtraction (0 ms)
[ RUN      ] CalculatorTests.TestMultiplication
[       OK ] CalculatorTests.TestMultiplication (0 ms)
[----------] 3 tests from CalculatorTests (0 ms total)

[----------] 1 test from LoggerTests
[ RUN      ] LoggerTests.TestLogOperation
[       OK ] LoggerTests.TestLogOperation (0 ms)
[----------] 1 test from LoggerTests (0 ms total)

[----------] 2 tests from NotifierTests
[ RUN      ] NotifierTests.TestThresholdNotExceeded
[       OK ] NotifierTests.TestThresholdNotExceeded (0 ms)
[ RUN      ] NotifierTests.TestThresholdExceeded
[       OK ] NotifierTests.TestThresholdExceeded (0 ms)
[----------] 2 tests from NotifierTests (0 ms total)

[----------] Global test environment tear-down
[==========] 6 tests from 3 test suites ran. (0 ms total)
[  PASSED  ] 6 tests.
<end of output>
Test time =   0.28 sec
----------------------------------------------------------
Test Passed.
"unit_tests" end time: Feb 16 18:39 EST
"unit_tests" time elapsed: 00:00:00
----------------------------------------------------------

2/3 Testing: integration_tests
2/3 Test: integration_tests
Command: "/Users/adithyahnair/Downloads/OSPSD/team2/build/integration_tests"
Directory: /Users/adithyahnair/Downloads/OSPSD/team2/build
"integration_tests" start time: Feb 16 18:39 EST
Output:
----------------------------------------------------------
Running main() from /Users/adithyahnair/Downloads/OSPSD/vcpkg/buildtrees/gtest/src/v1.16.0-a2e0b328c1.clean/googletest/src/gtest_main.cc
[==========] Running 1 test from 1 test suite.
[----------] Global test environment set-up.
[----------] 1 test from IntegrationTests
[ RUN      ] IntegrationTests.CalculatorLoggerIntegration
[       OK ] IntegrationTests.CalculatorLoggerIntegration (0 ms)
[----------] 1 test from IntegrationTests (0 ms total)

[----------] Global test environment tear-down
[==========] 1 test from 1 test suite ran. (0 ms total)
[  PASSED  ] 1 test.
<end of output>
Test time =   0.27 sec
----------------------------------------------------------
Test Passed.
"integration_tests" end time: Feb 16 18:39 EST
"integration_tests" time elapsed: 00:00:00
----------------------------------------------------------

3/3 Testing: e2e_tests
3/3 Test: e2e_tests
Command: "/Users/adithyahnair/Downloads/OSPSD/team2/build/e2e_tests"
Directory: /Users/adithyahnair/Downloads/OSPSD/team2/build
"e2e_tests" start time: Feb 16 18:39 EST
Output:
----------------------------------------------------------
Running main() from /Users/adithyahnair/Downloads/OSPSD/vcpkg/buildtrees/gtest/src/v1.16.0-a2e0b328c1.clean/googletest/src/gtest_main.cc
[==========] Running 1 test from 1 test suite.
[----------] Global test environment set-up.
[----------] 1 test from EndToEndTests
[ RUN      ] EndToEndTests.FullFlow
[       OK ] EndToEndTests.FullFlow (0 ms)
[----------] 1 test from EndToEndTests (0 ms total)

[----------] Global test environment tear-down
[==========] 1 test from 1 test suite ran. (0 ms total)
[  PASSED  ] 1 test.
<end of output>
Test time =   0.27 sec
----------------------------------------------------------
Test Passed.
"e2e_tests" end time: Feb 16 18:39 EST
"e2e_tests" time elapsed: 00:00:00
----------------------------------------------------------

End testing: Feb 16 18:39 EST
